<?xml version="1.0" encoding="UTF-8"?>
<!-- Generated by org.testng.reporters.JUnitXMLReporter -->
<testsuite ignored="0" hostname="LAPTOP-A4E622Q7" failures="4" tests="8" name="Test" time="193.271" errors="0" timestamp="02 Jul 2021 11:23:24 GMT">
  <testcase classname="TestCaseClasses.GiftCardTest" name="abc" time="19.651">
    <failure type="java.lang.AssertionError" message="Wrong information Fed-Up : Verify The Details in attached ScreenShot">
      <![CDATA[java.lang.AssertionError: Wrong information Fed-Up : Verify The Details in attached ScreenShot
at baseClasses.PageBaseClass.reportFail(PageBaseClass.java:68)
at baseClasses.PageBaseClass.veriyElementIsDisplayed(PageBaseClass.java:55)
at TestCaseClasses.GiftCardTest.abc(GiftCardTest.java:57)
... Removed 26 stack frames]]>
    </failure>
  </testcase> <!-- abc -->
  <testcase classname="TestCaseClasses.GiftCardTest" name="abc" time="19.431">
    <failure type="java.lang.AssertionError" message="Wrong information Fed-Up : Verify The Details in attached ScreenShot">
      <![CDATA[java.lang.AssertionError: Wrong information Fed-Up : Verify The Details in attached ScreenShot
at baseClasses.PageBaseClass.reportFail(PageBaseClass.java:68)
at baseClasses.PageBaseClass.veriyElementIsDisplayed(PageBaseClass.java:55)
at TestCaseClasses.GiftCardTest.abc(GiftCardTest.java:57)
... Removed 26 stack frames]]>
    </failure>
  </testcase> <!-- abc -->
  <testcase classname="TestCaseClasses.GiftCardTest" name="abc" time="50.3">
    <failure type="java.lang.AssertionError" message="Cannot locate element with text: Nov (2021)
For documentation on this error, please visit: https://www.seleniumhq.org/exceptions/no_such_element.html
Build info: version: &amp;apos;3.141.59&amp;apos;, revision: &amp;apos;e82be7d358&amp;apos;, time: &amp;apos;2018-11-14T08:17:03&amp;apos;
System info: host: &amp;apos;LAPTOP-A4E622Q7&amp;apos;, ip: &amp;apos;192.168.1.8&amp;apos;, os.name: &amp;apos;Windows 10&amp;apos;, os.arch: &amp;apos;amd64&amp;apos;, os.version: &amp;apos;10.0&amp;apos;, java.version: &amp;apos;15.0.2&amp;apos;
Driver info: driver.version: unknown">
      <![CDATA[java.lang.AssertionError: Cannot locate element with text: Nov (2021)
For documentation on this error, please visit: https://www.seleniumhq.org/exceptions/no_such_element.html
Build info: version: '3.141.59', revision: 'e82be7d358', time: '2018-11-14T08:17:03'
System info: host: 'LAPTOP-A4E622Q7', ip: '192.168.1.8', os.name: 'Windows 10', os.arch: 'amd64', os.version: '10.0', java.version: '15.0.2'
Driver info: driver.version: unknown
at baseClasses.PageBaseClass.reportFail(PageBaseClass.java:68)
at baseClasses.PageBaseClass.selectDropDownValue(PageBaseClass.java:46)
at pageClasses.GiftCardPage.selectDropDown(GiftCardPage.java:58)
at TestCaseClasses.GiftCardTest.abc(GiftCardTest.java:36)
... Removed 26 stack frames]]>
    </failure>
  </testcase> <!-- abc -->
  <testcase classname="TestCaseClasses.GiftCardTest" name="abc" time="19.62"/>
  <testcase classname="TestCaseClasses.GiftCardTest" name="abc" time="20.58"/>
  <testcase classname="TestCaseClasses.BookShelvesPageTest" name="abc" time="25.238"/>
  <testcase classname="TestCaseClasses.BeingAtHomeTest" name="abc" time="21.123">
    <failure type="java.lang.AssertionError" message="Being-At-Home sub-menu is Missing in Collection Menu">
      <![CDATA[java.lang.AssertionError: Being-At-Home sub-menu is Missing in Collection Menu
at baseClasses.PageBaseClass.reportFail(PageBaseClass.java:68)
at pageClasses.HomePage.beingAtHome(HomePage.java:76)
at TestCaseClasses.BeingAtHomeTest.abc(BeingAtHomeTest.java:28)
... Removed 26 stack frames]]>
    </failure>
  </testcase> <!-- abc -->
  <testcase classname="TestCaseClasses.GetStudyChairTest" name="abc" time="10.729"/>
</testsuite> <!-- Test -->
